GET /article/list?pageNum=1&pageSize=2 200 3434 - 92.127 ms
GET /lib/bootstrap/dist/js/bootstrap.js 200 68954 - 27.921 ms
GET /lib/jquery/dist/jquery.js 200 267365 - 26.997 ms
GET /lib/bootstrap/dist/css/bootstrap.css 200 146082 - 30.641 ms
GET /lib/bootstrap/dist/css/bootstrap.css.map 200 389227 - 5.345 ms
GET /lib/bootstrap/dist/css/bootstrap.css 304 - - 8.246 ms
GET /lib/jquery/dist/jquery.js 304 - - 6.715 ms
GET /lib/bootstrap/dist/css/bootstrap.css 304 - - 4.540 ms
GET /lib/bootstrap/dist/js/bootstrap.js 304 - - 5.186 ms
GET /article/list?pageNum=1&pageSize=5 200 4944 - 29.371 ms
GET /lib/bootstrap/dist/css/bootstrap.css 200 146082 - 29.441 ms
GET /lib/jquery/dist/jquery.js 200 267365 - 28.771 ms
GET /lib/bootstrap/dist/js/bootstrap.js 200 68954 - 26.504 ms
GET /lib/bootstrap/dist/css/bootstrap.css.map 200 389227 - 3.541 ms
GET /lib/bootstrap/dist/css/bootstrap.css 304 - - 7.821 ms
GET /lib/jquery/dist/jquery.js 304 - - 6.516 ms
GET /lib/bootstrap/dist/css/bootstrap.css 304 - - 3.397 ms
GET /lib/bootstrap/dist/js/bootstrap.js 304 - - 12.266 ms
GET /article/list?pageNum=2&pageSize=2 200 3636 - 14.877 ms
GET /lib/bootstrap/dist/css/bootstrap.css 200 146082 - 8.267 ms
GET /lib/bootstrap/dist/js/bootstrap.js 200 68954 - 10.292 ms
GET /lib/jquery/dist/jquery.js 200 267365 - 7.621 ms
GET /lib/bootstrap/dist/css/bootstrap.css.map 200 389227 - 3.936 ms
GET /lib/bootstrap/dist/css/bootstrap.css 304 - - 3.931 ms
GET /lib/jquery/dist/jquery.js 304 - - 4.958 ms
GET /lib/bootstrap/dist/css/bootstrap.css 304 - - 6.281 ms
GET /lib/bootstrap/dist/js/bootstrap.js 304 - - 3.511 ms
GET /article/list?pageNum=1&pageSize=2 200 3434 - 13.392 ms
GET /lib/bootstrap/dist/js/bootstrap.js 200 68954 - 6.825 ms
GET /lib/bootstrap/dist/css/bootstrap.css 200 146082 - 7.254 ms
GET /lib/jquery/dist/jquery.js 200 267365 - 5.890 ms
GET /lib/bootstrap/dist/css/bootstrap.css.map 200 389227 - 2.752 ms
GET /lib/bootstrap/dist/css/bootstrap.css 304 - - 11.215 ms
GET /lib/jquery/dist/jquery.js 304 - - 6.436 ms
GET /lib/bootstrap/dist/css/bootstrap.css 304 - - 3.850 ms
GET /lib/bootstrap/dist/js/bootstrap.js 304 - - 4.774 ms
GET /article/list?pageNum=2&pageSize=2 200 3636 - 20.012 ms
GET /lib/bootstrap/dist/js/bootstrap.js 200 68954 - 14.082 ms
GET /lib/bootstrap/dist/css/bootstrap.css 200 146082 - 14.801 ms
GET /lib/jquery/dist/jquery.js 200 267365 - 14.137 ms
GET /lib/bootstrap/dist/css/bootstrap.css.map 200 389227 - 2.709 ms
GET /lib/bootstrap/dist/css/bootstrap.css 304 - - 7.129 ms
GET /lib/jquery/dist/jquery.js 304 - - 6.374 ms
GET /lib/bootstrap/dist/css/bootstrap.css 304 - - 7.741 ms
GET /article/list?pageNum=2&pageSize=2 200 3636 - 21.016 ms
GET /lib/bootstrap/dist/js/bootstrap.js 304 - - 5.475 ms
GET /lib/bootstrap/dist/css/bootstrap.css 200 146082 - 13.499 ms
GET /lib/bootstrap/dist/js/bootstrap.js 200 68954 - 9.546 ms
GET /lib/jquery/dist/jquery.js 200 267365 - 15.439 ms
GET /lib/bootstrap/dist/css/bootstrap.css.map 200 389227 - 2.802 ms
GET /lib/bootstrap/dist/css/bootstrap.css 304 - - 3.985 ms
GET /lib/jquery/dist/jquery.js 304 - - 6.102 ms
GET /lib/bootstrap/dist/css/bootstrap.css 304 - - 4.711 ms
GET /lib/bootstrap/dist/js/bootstrap.js 304 - - 4.374 ms
GET /article/list?pageNum=3&pageSize=2 200 3487 - 20.986 ms
GET /lib/bootstrap/dist/js/bootstrap.js 200 68954 - 4.858 ms
GET /lib/bootstrap/dist/css/bootstrap.css 200 146082 - 6.940 ms
GET /lib/jquery/dist/jquery.js 200 267365 - 5.840 ms
GET /lib/bootstrap/dist/css/bootstrap.css.map 200 389227 - 3.533 ms
GET /lib/bootstrap/dist/css/bootstrap.css 304 - - 6.623 ms
GET /lib/jquery/dist/jquery.js 304 - - 4.877 ms
GET /lib/bootstrap/dist/css/bootstrap.css 304 - - 4.669 ms
GET /lib/bootstrap/dist/js/bootstrap.js 304 - - 5.717 ms
GET /article/list?pageNum=1&pageSize=2 200 3434 - 23.524 ms
GET /lib/bootstrap/dist/css/bootstrap.css 200 146082 - 17.672 ms
GET /lib/bootstrap/dist/js/bootstrap.js 200 68954 - 15.354 ms
GET /lib/jquery/dist/jquery.js 200 267365 - 20.104 ms
GET /lib/bootstrap/dist/css/bootstrap.css.map 200 389227 - 2.929 ms
GET /lib/bootstrap/dist/css/bootstrap.css 304 - - 8.829 ms
GET /lib/jquery/dist/jquery.js 304 - - 6.429 ms
GET /lib/bootstrap/dist/css/bootstrap.css 304 - - 3.899 ms
GET /lib/bootstrap/dist/js/bootstrap.js 304 - - 4.120 ms
GET /article/list?keyword=5 200 1951 - 16.750 ms
GET /lib/bootstrap/dist/css/bootstrap.css 200 146082 - 9.591 ms
GET /lib/bootstrap/dist/js/bootstrap.js 200 68954 - 11.109 ms
GET /lib/jquery/dist/jquery.js 200 267365 - 10.518 ms
GET /lib/bootstrap/dist/css/bootstrap.css.map 200 389227 - 5.425 ms
GET /lib/bootstrap/dist/css/bootstrap.css 304 - - 7.759 ms
GET /lib/jquery/dist/jquery.js 304 - - 7.279 ms
GET /lib/bootstrap/dist/css/bootstrap.css 304 - - 4.769 ms
GET /lib/bootstrap/dist/js/bootstrap.js 304 - - 3.586 ms
GET /article/list?keyword=4 200 2580 - 17.628 ms
GET /lib/bootstrap/dist/js/bootstrap.js 200 68954 - 6.422 ms
GET /lib/bootstrap/dist/css/bootstrap.css 200 146082 - 6.711 ms
GET /lib/jquery/dist/jquery.js 200 267365 - 6.338 ms
GET /lib/bootstrap/dist/css/bootstrap.css.map 200 389227 - 2.494 ms
GET /lib/bootstrap/dist/css/bootstrap.css 304 - - 7.307 ms
GET /lib/jquery/dist/jquery.js 304 - - 6.286 ms
GET /lib/bootstrap/dist/css/bootstrap.css 304 - - 6.691 ms
GET /lib/bootstrap/dist/js/bootstrap.js 304 - - 4.512 ms
